<?xml version="1.0" encoding="UTF-8"?>
<!-- Generated by org.testng.reporters.JUnitReportReporter -->
<testsuite hostname="DESKTOP-043B0J4" failures="0" tests="1" name="com.LoginTest.Verifyloginwithvalidcrediencialswati" time="23.020" errors="0" timestamp="2023-10-14T15:22:37 IST" skipped="0">
  <testcase classname="com.LoginTest.Verifyloginwithvalidcrediencialswati" name="TC_LoginTest_1_VerifyLoginTestWithValidCrdentials" time="23.020"/>
</testsuite> <!-- com.LoginTest.Verifyloginwithvalidcrediencialswati -->
