<?xml version="1.0" encoding="UTF-8"?>
<!-- Generated by org.testng.reporters.JUnitReportReporter -->
<testsuite hostname="LAPTOP-MQCA9BNV" failures="0" tests="1" name="com.LoginTest.VerifyLogin_Avanti" time="3.526" errors="0" timestamp="2023-10-12T10:05:59 IST" skipped="0">
  <testcase classname="com.LoginTest.VerifyLogin_Avanti" name="verifyLogin" time="3.526"/>
</testsuite> <!-- com.LoginTest.VerifyLogin_Avanti -->
